[dotenv@17.3.1] injecting env (0) from .env -- tip: ≡ƒ¢á∩╕Å  run anywhere with `dotenvx run -- yourcommand`
CREATE TABLE IF NOT EXISTS users (
      id INTEGER PRIMARY KEY AUTOINCREMENT,
      name TEXT NOT NULL,
      email TEXT UNIQUE NOT NULL,
      password TEXT NOT NULL,
      created_at DATETIME DEFAULT CURRENT_TIMESTAMP
  );
CREATE TABLE IF NOT EXISTS tasks (
      id INTEGER PRIMARY KEY AUTOINCREMENT,
      title TEXT NOT NULL,
      completed BOOLEAN DEFAULT 0,
      user_id INTEGER,
      due_date DATETIME,
      created_at DATETIME DEFAULT CURRENT_TIMESTAMP,
      updated_at DATETIME DEFAULT CURRENT_TIMESTAMP,
      FOREIGN KEY (user_id) REFERENCES users(id) ON DELETE CASCADE
  );
node : C:\Users\MANHA F
ATHIMA\Desktop\project\
backend\node_modules\pa
th-to-regexp\dist\index
.js:96
At line:1 char:1
+ node server.js > 
error.log 2>&1
+ ~~~~~~~~~~~~~~~~~~~~~
~~~~~~~~~~
    + CategoryInfo     
         : NotSpecifi  
  ed: (C:\Users\MANH   
 A ...ist\index.js:    
96:String) [], Rem    
oteException
    + FullyQualifiedEr 
   rorId : NativeComm  
  andError
 
            throw new 
PathError(`Missing 
parameter name at 
index ${index}`, str);
            ^

PathError [TypeError]: 
Missing parameter name 
at index 1: *; visit ht
tps://git.new/pathToReg
expError for info
    at name 
(C:\Users\MANHA FATHIMA
\Desktop\project\backen
d\node_modules\path-to-
regexp\dist\index.js:96
:19)
    at parse 
(C:\Users\MANHA FATHIMA
\Desktop\project\backen
d\node_modules\path-to-
regexp\dist\index.js:11
3:68)
    at pathToRegexp 
(C:\Users\MANHA FATHIMA
\Desktop\project\backen
d\node_modules\path-to-
regexp\dist\index.js:26
7:58)
    at Object.match 
(C:\Users\MANHA FATHIMA
\Desktop\project\backen
d\node_modules\path-to-
regexp\dist\index.js:23
7:30)
    at matcher 
(C:\Users\MANHA FATHIMA
\Desktop\project\backen
d\node_modules\router\l
ib\layer.js:86:23)
    at new Layer 
(C:\Users\MANHA FATHIMA
\Desktop\project\backen
d\node_modules\router\l
ib\layer.js:93:62)
    at router.route 
(C:\Users\MANHA FATHIMA
\Desktop\project\backen
d\node_modules\router\i
ndex.js:428:17)
    at app.route 
(C:\Users\MANHA FATHIMA
\Desktop\project\backen
d\node_modules\express\
lib\application.js:257:
22)
    at app.<computed> 
[as get] 
(C:\Users\MANHA FATHIMA
\Desktop\project\backen
d\node_modules\express\
lib\application.js:478:
22)
    at 
Object.<anonymous> 
(C:\Users\MANHA FATHIMA
\Desktop\project\backen
d\server.js:22:5) {
  originalPath: '*'
}

Node.js v24.14.0
